[2025-11-08 00:50:24] [ERROR] [Flask] 404 Not Found: The requested URL was not found on the server. If you entered the URL manually please check your spelling and try again.
Traceback (most recent call last):
  File "D:\lib\site-packages\flask\app.py", line 917, in full_dispatch_request
    rv = self.dispatch_request()
  File "D:\lib\site-packages\flask\app.py", line 891, in dispatch_request
    self.raise_routing_exception(req)
  File "D:\lib\site-packages\flask\app.py", line 500, in raise_routing_exception
    raise request.routing_exception  # type: ignore[misc]
  File "D:\lib\site-packages\flask\ctx.py", line 362, in match_request
    result = self.url_adapter.match(return_rule=True)  # type: ignore
  File "D:\lib\site-packages\werkzeug\routing\map.py", line 629, in match
    raise NotFound() from None
werkzeug.exceptions.NotFound: 404 Not Found: The requested URL was not found on the server. If you entered the URL manually please check your spelling and try again.

System: {
  "os": "Windows",
  "os_version": "10.0.26100",
  "platform": "Windows-10-10.0.26100-SP0",
  "cpu_count": 16,
  "memory_total": 16438382592,
  "hostname": "\u90d1\u674e\u60e0\u6770\u7684\u7535\u8111"
}
--------------------------------------------------------------------------------
[2025-11-08 00:50:27] [ERROR] [Flask] 404 Not Found: The requested URL was not found on the server. If you entered the URL manually please check your spelling and try again.
Traceback (most recent call last):
  File "D:\lib\site-packages\flask\app.py", line 917, in full_dispatch_request
    rv = self.dispatch_request()
  File "D:\lib\site-packages\flask\app.py", line 891, in dispatch_request
    self.raise_routing_exception(req)
  File "D:\lib\site-packages\flask\app.py", line 500, in raise_routing_exception
    raise request.routing_exception  # type: ignore[misc]
  File "D:\lib\site-packages\flask\ctx.py", line 362, in match_request
    result = self.url_adapter.match(return_rule=True)  # type: ignore
  File "D:\lib\site-packages\werkzeug\routing\map.py", line 629, in match
    raise NotFound() from None
werkzeug.exceptions.NotFound: 404 Not Found: The requested URL was not found on the server. If you entered the URL manually please check your spelling and try again.

System: {
  "os": "Windows",
  "os_version": "10.0.26100",
  "platform": "Windows-10-10.0.26100-SP0",
  "cpu_count": 16,
  "memory_total": 16438382592,
  "hostname": "\u90d1\u674e\u60e0\u6770\u7684\u7535\u8111"
}
--------------------------------------------------------------------------------
[2025-11-08 00:50:28] [ERROR] [Flask] 404 Not Found: The requested URL was not found on the server. If you entered the URL manually please check your spelling and try again.
Traceback (most recent call last):
  File "D:\lib\site-packages\flask\app.py", line 917, in full_dispatch_request
    rv = self.dispatch_request()
  File "D:\lib\site-packages\flask\app.py", line 891, in dispatch_request
    self.raise_routing_exception(req)
  File "D:\lib\site-packages\flask\app.py", line 500, in raise_routing_exception
    raise request.routing_exception  # type: ignore[misc]
  File "D:\lib\site-packages\flask\ctx.py", line 362, in match_request
    result = self.url_adapter.match(return_rule=True)  # type: ignore
  File "D:\lib\site-packages\werkzeug\routing\map.py", line 629, in match
    raise NotFound() from None
werkzeug.exceptions.NotFound: 404 Not Found: The requested URL was not found on the server. If you entered the URL manually please check your spelling and try again.

System: {
  "os": "Windows",
  "os_version": "10.0.26100",
  "platform": "Windows-10-10.0.26100-SP0",
  "cpu_count": 16,
  "memory_total": 16438382592,
  "hostname": "\u90d1\u674e\u60e0\u6770\u7684\u7535\u8111"
}
--------------------------------------------------------------------------------
[2025-11-08 00:50:30] [ERROR] [Flask] 404 Not Found: The requested URL was not found on the server. If you entered the URL manually please check your spelling and try again.
Traceback (most recent call last):
  File "D:\lib\site-packages\flask\app.py", line 917, in full_dispatch_request
    rv = self.dispatch_request()
  File "D:\lib\site-packages\flask\app.py", line 891, in dispatch_request
    self.raise_routing_exception(req)
  File "D:\lib\site-packages\flask\app.py", line 500, in raise_routing_exception
    raise request.routing_exception  # type: ignore[misc]
  File "D:\lib\site-packages\flask\ctx.py", line 362, in match_request
    result = self.url_adapter.match(return_rule=True)  # type: ignore
  File "D:\lib\site-packages\werkzeug\routing\map.py", line 629, in match
    raise NotFound() from None
werkzeug.exceptions.NotFound: 404 Not Found: The requested URL was not found on the server. If you entered the URL manually please check your spelling and try again.

System: {
  "os": "Windows",
  "os_version": "10.0.26100",
  "platform": "Windows-10-10.0.26100-SP0",
  "cpu_count": 16,
  "memory_total": 16438382592,
  "hostname": "\u90d1\u674e\u60e0\u6770\u7684\u7535\u8111"
}
--------------------------------------------------------------------------------
[2025-11-08 00:51:56] [ERROR] [Flask] 404 Not Found: The requested URL was not found on the server. If you entered the URL manually please check your spelling and try again.
Traceback (most recent call last):
  File "D:\lib\site-packages\flask\app.py", line 917, in full_dispatch_request
    rv = self.dispatch_request()
  File "D:\lib\site-packages\flask\app.py", line 891, in dispatch_request
    self.raise_routing_exception(req)
  File "D:\lib\site-packages\flask\app.py", line 500, in raise_routing_exception
    raise request.routing_exception  # type: ignore[misc]
  File "D:\lib\site-packages\flask\ctx.py", line 362, in match_request
    result = self.url_adapter.match(return_rule=True)  # type: ignore
  File "D:\lib\site-packages\werkzeug\routing\map.py", line 629, in match
    raise NotFound() from None
werkzeug.exceptions.NotFound: 404 Not Found: The requested URL was not found on the server. If you entered the URL manually please check your spelling and try again.

System: {
  "os": "Windows",
  "os_version": "10.0.26100",
  "platform": "Windows-10-10.0.26100-SP0",
  "cpu_count": 16,
  "memory_total": 16438382592,
  "hostname": "\u90d1\u674e\u60e0\u6770\u7684\u7535\u8111"
}
--------------------------------------------------------------------------------
[2025-11-08 00:53:03] [ERROR] [Flask] 404 Not Found: The requested URL was not found on the server. If you entered the URL manually please check your spelling and try again.
Traceback (most recent call last):
  File "D:\lib\site-packages\flask\app.py", line 917, in full_dispatch_request
    rv = self.dispatch_request()
  File "D:\lib\site-packages\flask\app.py", line 891, in dispatch_request
    self.raise_routing_exception(req)
  File "D:\lib\site-packages\flask\app.py", line 500, in raise_routing_exception
    raise request.routing_exception  # type: ignore[misc]
  File "D:\lib\site-packages\flask\ctx.py", line 362, in match_request
    result = self.url_adapter.match(return_rule=True)  # type: ignore
  File "D:\lib\site-packages\werkzeug\routing\map.py", line 629, in match
    raise NotFound() from None
werkzeug.exceptions.NotFound: 404 Not Found: The requested URL was not found on the server. If you entered the URL manually please check your spelling and try again.

System: {
  "os": "Windows",
  "os_version": "10.0.26100",
  "platform": "Windows-10-10.0.26100-SP0",
  "cpu_count": 16,
  "memory_total": 16438382592,
  "hostname": "\u90d1\u674e\u60e0\u6770\u7684\u7535\u8111"
}
--------------------------------------------------------------------------------
[2025-11-08 00:54:07] [ERROR] [Flask] 404 Not Found: The requested URL was not found on the server. If you entered the URL manually please check your spelling and try again.
Traceback (most recent call last):
  File "D:\lib\site-packages\flask\app.py", line 917, in full_dispatch_request
    rv = self.dispatch_request()
  File "D:\lib\site-packages\flask\app.py", line 891, in dispatch_request
    self.raise_routing_exception(req)
  File "D:\lib\site-packages\flask\app.py", line 500, in raise_routing_exception
    raise request.routing_exception  # type: ignore[misc]
  File "D:\lib\site-packages\flask\ctx.py", line 362, in match_request
    result = self.url_adapter.match(return_rule=True)  # type: ignore
  File "D:\lib\site-packages\werkzeug\routing\map.py", line 629, in match
    raise NotFound() from None
werkzeug.exceptions.NotFound: 404 Not Found: The requested URL was not found on the server. If you entered the URL manually please check your spelling and try again.

System: {
  "os": "Windows",
  "os_version": "10.0.26100",
  "platform": "Windows-10-10.0.26100-SP0",
  "cpu_count": 16,
  "memory_total": 16438382592,
  "hostname": "\u90d1\u674e\u60e0\u6770\u7684\u7535\u8111"
}
--------------------------------------------------------------------------------
[2025-11-08 00:55:58] [ERROR] [Flask] 404 Not Found: The requested URL was not found on the server. If you entered the URL manually please check your spelling and try again.
Traceback (most recent call last):
  File "D:\lib\site-packages\flask\app.py", line 917, in full_dispatch_request
    rv = self.dispatch_request()
  File "D:\lib\site-packages\flask\app.py", line 891, in dispatch_request
    self.raise_routing_exception(req)
  File "D:\lib\site-packages\flask\app.py", line 500, in raise_routing_exception
    raise request.routing_exception  # type: ignore[misc]
  File "D:\lib\site-packages\flask\ctx.py", line 362, in match_request
    result = self.url_adapter.match(return_rule=True)  # type: ignore
  File "D:\lib\site-packages\werkzeug\routing\map.py", line 629, in match
    raise NotFound() from None
werkzeug.exceptions.NotFound: 404 Not Found: The requested URL was not found on the server. If you entered the URL manually please check your spelling and try again.

System: {
  "os": "Windows",
  "os_version": "10.0.26100",
  "platform": "Windows-10-10.0.26100-SP0",
  "cpu_count": 16,
  "memory_total": 16438382592,
  "hostname": "\u90d1\u674e\u60e0\u6770\u7684\u7535\u8111"
}
--------------------------------------------------------------------------------
[2025-11-08 00:57:06] [ERROR] [Flask] 404 Not Found: The requested URL was not found on the server. If you entered the URL manually please check your spelling and try again.
Traceback (most recent call last):
  File "D:\lib\site-packages\flask\app.py", line 917, in full_dispatch_request
    rv = self.dispatch_request()
  File "D:\lib\site-packages\flask\app.py", line 891, in dispatch_request
    self.raise_routing_exception(req)
  File "D:\lib\site-packages\flask\app.py", line 500, in raise_routing_exception
    raise request.routing_exception  # type: ignore[misc]
  File "D:\lib\site-packages\flask\ctx.py", line 362, in match_request
    result = self.url_adapter.match(return_rule=True)  # type: ignore
  File "D:\lib\site-packages\werkzeug\routing\map.py", line 629, in match
    raise NotFound() from None
werkzeug.exceptions.NotFound: 404 Not Found: The requested URL was not found on the server. If you entered the URL manually please check your spelling and try again.

System: {
  "os": "Windows",
  "os_version": "10.0.26100",
  "platform": "Windows-10-10.0.26100-SP0",
  "cpu_count": 16,
  "memory_total": 16438382592,
  "hostname": "\u90d1\u674e\u60e0\u6770\u7684\u7535\u8111"
}
--------------------------------------------------------------------------------
[2025-11-08 00:57:13] [ERROR] [Flask] 404 Not Found: The requested URL was not found on the server. If you entered the URL manually please check your spelling and try again.
Traceback (most recent call last):
  File "D:\lib\site-packages\flask\app.py", line 917, in full_dispatch_request
    rv = self.dispatch_request()
  File "D:\lib\site-packages\flask\app.py", line 891, in dispatch_request
    self.raise_routing_exception(req)
  File "D:\lib\site-packages\flask\app.py", line 500, in raise_routing_exception
    raise request.routing_exception  # type: ignore[misc]
  File "D:\lib\site-packages\flask\ctx.py", line 362, in match_request
    result = self.url_adapter.match(return_rule=True)  # type: ignore
  File "D:\lib\site-packages\werkzeug\routing\map.py", line 629, in match
    raise NotFound() from None
werkzeug.exceptions.NotFound: 404 Not Found: The requested URL was not found on the server. If you entered the URL manually please check your spelling and try again.

System: {
  "os": "Windows",
  "os_version": "10.0.26100",
  "platform": "Windows-10-10.0.26100-SP0",
  "cpu_count": 16,
  "memory_total": 16438382592,
  "hostname": "\u90d1\u674e\u60e0\u6770\u7684\u7535\u8111"
}
--------------------------------------------------------------------------------
[2025-11-08 01:10:48] [ERROR] [Flask] 404 Not Found: The requested URL was not found on the server. If you entered the URL manually please check your spelling and try again.
Traceback (most recent call last):
  File "D:\lib\site-packages\flask\app.py", line 917, in full_dispatch_request
    rv = self.dispatch_request()
  File "D:\lib\site-packages\flask\app.py", line 891, in dispatch_request
    self.raise_routing_exception(req)
  File "D:\lib\site-packages\flask\app.py", line 500, in raise_routing_exception
    raise request.routing_exception  # type: ignore[misc]
  File "D:\lib\site-packages\flask\ctx.py", line 362, in match_request
    result = self.url_adapter.match(return_rule=True)  # type: ignore
  File "D:\lib\site-packages\werkzeug\routing\map.py", line 629, in match
    raise NotFound() from None
werkzeug.exceptions.NotFound: 404 Not Found: The requested URL was not found on the server. If you entered the URL manually please check your spelling and try again.

System: {
  "os": "Windows",
  "os_version": "10.0.26100",
  "platform": "Windows-10-10.0.26100-SP0",
  "cpu_count": 16,
  "memory_total": 16438382592,
  "hostname": "\u90d1\u674e\u60e0\u6770\u7684\u7535\u8111"
}
--------------------------------------------------------------------------------
[2025-11-08 01:11:20] [ERROR] [Flask] 404 Not Found: The requested URL was not found on the server. If you entered the URL manually please check your spelling and try again.
Traceback (most recent call last):
  File "D:\lib\site-packages\flask\app.py", line 917, in full_dispatch_request
    rv = self.dispatch_request()
  File "D:\lib\site-packages\flask\app.py", line 891, in dispatch_request
    self.raise_routing_exception(req)
  File "D:\lib\site-packages\flask\app.py", line 500, in raise_routing_exception
    raise request.routing_exception  # type: ignore[misc]
  File "D:\lib\site-packages\flask\ctx.py", line 362, in match_request
    result = self.url_adapter.match(return_rule=True)  # type: ignore
  File "D:\lib\site-packages\werkzeug\routing\map.py", line 629, in match
    raise NotFound() from None
werkzeug.exceptions.NotFound: 404 Not Found: The requested URL was not found on the server. If you entered the URL manually please check your spelling and try again.

System: {
  "os": "Windows",
  "os_version": "10.0.26100",
  "platform": "Windows-10-10.0.26100-SP0",
  "cpu_count": 16,
  "memory_total": 16438382592,
  "hostname": "\u90d1\u674e\u60e0\u6770\u7684\u7535\u8111"
}
--------------------------------------------------------------------------------
[2025-11-08 01:11:21] [ERROR] [Flask] 404 Not Found: The requested URL was not found on the server. If you entered the URL manually please check your spelling and try again.
Traceback (most recent call last):
  File "D:\lib\site-packages\flask\app.py", line 917, in full_dispatch_request
    rv = self.dispatch_request()
  File "D:\lib\site-packages\flask\app.py", line 891, in dispatch_request
    self.raise_routing_exception(req)
  File "D:\lib\site-packages\flask\app.py", line 500, in raise_routing_exception
    raise request.routing_exception  # type: ignore[misc]
  File "D:\lib\site-packages\flask\ctx.py", line 362, in match_request
    result = self.url_adapter.match(return_rule=True)  # type: ignore
  File "D:\lib\site-packages\werkzeug\routing\map.py", line 629, in match
    raise NotFound() from None
werkzeug.exceptions.NotFound: 404 Not Found: The requested URL was not found on the server. If you entered the URL manually please check your spelling and try again.

System: {
  "os": "Windows",
  "os_version": "10.0.26100",
  "platform": "Windows-10-10.0.26100-SP0",
  "cpu_count": 16,
  "memory_total": 16438382592,
  "hostname": "\u90d1\u674e\u60e0\u6770\u7684\u7535\u8111"
}
--------------------------------------------------------------------------------
[2025-11-08 01:11:22] [ERROR] [Flask] 404 Not Found: The requested URL was not found on the server. If you entered the URL manually please check your spelling and try again.
Traceback (most recent call last):
  File "D:\lib\site-packages\flask\app.py", line 917, in full_dispatch_request
    rv = self.dispatch_request()
  File "D:\lib\site-packages\flask\app.py", line 891, in dispatch_request
    self.raise_routing_exception(req)
  File "D:\lib\site-packages\flask\app.py", line 500, in raise_routing_exception
    raise request.routing_exception  # type: ignore[misc]
  File "D:\lib\site-packages\flask\ctx.py", line 362, in match_request
    result = self.url_adapter.match(return_rule=True)  # type: ignore
  File "D:\lib\site-packages\werkzeug\routing\map.py", line 629, in match
    raise NotFound() from None
werkzeug.exceptions.NotFound: 404 Not Found: The requested URL was not found on the server. If you entered the URL manually please check your spelling and try again.

System: {
  "os": "Windows",
  "os_version": "10.0.26100",
  "platform": "Windows-10-10.0.26100-SP0",
  "cpu_count": 16,
  "memory_total": 16438382592,
  "hostname": "\u90d1\u674e\u60e0\u6770\u7684\u7535\u8111"
}
--------------------------------------------------------------------------------
[2025-11-08 01:11:23] [ERROR] [Flask] 404 Not Found: The requested URL was not found on the server. If you entered the URL manually please check your spelling and try again.
Traceback (most recent call last):
  File "D:\lib\site-packages\flask\app.py", line 917, in full_dispatch_request
    rv = self.dispatch_request()
  File "D:\lib\site-packages\flask\app.py", line 891, in dispatch_request
    self.raise_routing_exception(req)
  File "D:\lib\site-packages\flask\app.py", line 500, in raise_routing_exception
    raise request.routing_exception  # type: ignore[misc]
  File "D:\lib\site-packages\flask\ctx.py", line 362, in match_request
    result = self.url_adapter.match(return_rule=True)  # type: ignore
  File "D:\lib\site-packages\werkzeug\routing\map.py", line 629, in match
    raise NotFound() from None
werkzeug.exceptions.NotFound: 404 Not Found: The requested URL was not found on the server. If you entered the URL manually please check your spelling and try again.

System: {
  "os": "Windows",
  "os_version": "10.0.26100",
  "platform": "Windows-10-10.0.26100-SP0",
  "cpu_count": 16,
  "memory_total": 16438382592,
  "hostname": "\u90d1\u674e\u60e0\u6770\u7684\u7535\u8111"
}
--------------------------------------------------------------------------------
[2025-11-08 01:12:59] [ERROR] [Flask] 404 Not Found: The requested URL was not found on the server. If you entered the URL manually please check your spelling and try again.
Traceback (most recent call last):
  File "D:\lib\site-packages\flask\app.py", line 917, in full_dispatch_request
    rv = self.dispatch_request()
  File "D:\lib\site-packages\flask\app.py", line 891, in dispatch_request
    self.raise_routing_exception(req)
  File "D:\lib\site-packages\flask\app.py", line 500, in raise_routing_exception
    raise request.routing_exception  # type: ignore[misc]
  File "D:\lib\site-packages\flask\ctx.py", line 362, in match_request
    result = self.url_adapter.match(return_rule=True)  # type: ignore
  File "D:\lib\site-packages\werkzeug\routing\map.py", line 629, in match
    raise NotFound() from None
werkzeug.exceptions.NotFound: 404 Not Found: The requested URL was not found on the server. If you entered the URL manually please check your spelling and try again.

System: {
  "os": "Windows",
  "os_version": "10.0.26100",
  "platform": "Windows-10-10.0.26100-SP0",
  "cpu_count": 16,
  "memory_total": 16438382592,
  "hostname": "\u90d1\u674e\u60e0\u6770\u7684\u7535\u8111"
}
--------------------------------------------------------------------------------
[2025-11-08 01:14:17] [ERROR] [Flask] 404 Not Found: The requested URL was not found on the server. If you entered the URL manually please check your spelling and try again.
Traceback (most recent call last):
  File "D:\lib\site-packages\flask\app.py", line 917, in full_dispatch_request
    rv = self.dispatch_request()
  File "D:\lib\site-packages\flask\app.py", line 891, in dispatch_request
    self.raise_routing_exception(req)
  File "D:\lib\site-packages\flask\app.py", line 500, in raise_routing_exception
    raise request.routing_exception  # type: ignore[misc]
  File "D:\lib\site-packages\flask\ctx.py", line 362, in match_request
    result = self.url_adapter.match(return_rule=True)  # type: ignore
  File "D:\lib\site-packages\werkzeug\routing\map.py", line 629, in match
    raise NotFound() from None
werkzeug.exceptions.NotFound: 404 Not Found: The requested URL was not found on the server. If you entered the URL manually please check your spelling and try again.

System: {
  "os": "Windows",
  "os_version": "10.0.26100",
  "platform": "Windows-10-10.0.26100-SP0",
  "cpu_count": 16,
  "memory_total": 16438382592,
  "hostname": "\u90d1\u674e\u60e0\u6770\u7684\u7535\u8111"
}
--------------------------------------------------------------------------------
[2025-11-08 01:18:06] [ERROR] [Flask] 404 Not Found: The requested URL was not found on the server. If you entered the URL manually please check your spelling and try again.
Traceback (most recent call last):
  File "D:\lib\site-packages\flask\app.py", line 917, in full_dispatch_request
    rv = self.dispatch_request()
  File "D:\lib\site-packages\flask\app.py", line 891, in dispatch_request
    self.raise_routing_exception(req)
  File "D:\lib\site-packages\flask\app.py", line 500, in raise_routing_exception
    raise request.routing_exception  # type: ignore[misc]
  File "D:\lib\site-packages\flask\ctx.py", line 362, in match_request
    result = self.url_adapter.match(return_rule=True)  # type: ignore
  File "D:\lib\site-packages\werkzeug\routing\map.py", line 629, in match
    raise NotFound() from None
werkzeug.exceptions.NotFound: 404 Not Found: The requested URL was not found on the server. If you entered the URL manually please check your spelling and try again.

System: {
  "os": "Windows",
  "os_version": "10.0.26100",
  "platform": "Windows-10-10.0.26100-SP0",
  "cpu_count": 16,
  "memory_total": 16438382592,
  "hostname": "\u90d1\u674e\u60e0\u6770\u7684\u7535\u8111"
}
--------------------------------------------------------------------------------
[2025-11-08 01:21:05] [ERROR] [Flask] 404 Not Found: The requested URL was not found on the server. If you entered the URL manually please check your spelling and try again.
Traceback (most recent call last):
  File "D:\lib\site-packages\flask\app.py", line 917, in full_dispatch_request
    rv = self.dispatch_request()
  File "D:\lib\site-packages\flask\app.py", line 891, in dispatch_request
    self.raise_routing_exception(req)
  File "D:\lib\site-packages\flask\app.py", line 500, in raise_routing_exception
    raise request.routing_exception  # type: ignore[misc]
  File "D:\lib\site-packages\flask\ctx.py", line 362, in match_request
    result = self.url_adapter.match(return_rule=True)  # type: ignore
  File "D:\lib\site-packages\werkzeug\routing\map.py", line 629, in match
    raise NotFound() from None
werkzeug.exceptions.NotFound: 404 Not Found: The requested URL was not found on the server. If you entered the URL manually please check your spelling and try again.

System: {
  "os": "Windows",
  "os_version": "10.0.26100",
  "platform": "Windows-10-10.0.26100-SP0",
  "cpu_count": 16,
  "memory_total": 16438382592,
  "hostname": "\u90d1\u674e\u60e0\u6770\u7684\u7535\u8111"
}
--------------------------------------------------------------------------------
[2025-11-08 01:21:49] [ERROR] [Flask] 404 Not Found: The requested URL was not found on the server. If you entered the URL manually please check your spelling and try again.
Traceback (most recent call last):
  File "D:\lib\site-packages\flask\app.py", line 917, in full_dispatch_request
    rv = self.dispatch_request()
  File "D:\lib\site-packages\flask\app.py", line 891, in dispatch_request
    self.raise_routing_exception(req)
  File "D:\lib\site-packages\flask\app.py", line 500, in raise_routing_exception
    raise request.routing_exception  # type: ignore[misc]
  File "D:\lib\site-packages\flask\ctx.py", line 362, in match_request
    result = self.url_adapter.match(return_rule=True)  # type: ignore
  File "D:\lib\site-packages\werkzeug\routing\map.py", line 629, in match
    raise NotFound() from None
werkzeug.exceptions.NotFound: 404 Not Found: The requested URL was not found on the server. If you entered the URL manually please check your spelling and try again.

System: {
  "os": "Windows",
  "os_version": "10.0.26100",
  "platform": "Windows-10-10.0.26100-SP0",
  "cpu_count": 16,
  "memory_total": 16438382592,
  "hostname": "\u90d1\u674e\u60e0\u6770\u7684\u7535\u8111"
}
--------------------------------------------------------------------------------
[2025-11-08 01:22:10] [ERROR] [Flask] 404 Not Found: The requested URL was not found on the server. If you entered the URL manually please check your spelling and try again.
Traceback (most recent call last):
  File "D:\lib\site-packages\flask\app.py", line 917, in full_dispatch_request
    rv = self.dispatch_request()
  File "D:\lib\site-packages\flask\app.py", line 891, in dispatch_request
    self.raise_routing_exception(req)
  File "D:\lib\site-packages\flask\app.py", line 500, in raise_routing_exception
    raise request.routing_exception  # type: ignore[misc]
  File "D:\lib\site-packages\flask\ctx.py", line 362, in match_request
    result = self.url_adapter.match(return_rule=True)  # type: ignore
  File "D:\lib\site-packages\werkzeug\routing\map.py", line 629, in match
    raise NotFound() from None
werkzeug.exceptions.NotFound: 404 Not Found: The requested URL was not found on the server. If you entered the URL manually please check your spelling and try again.

System: {
  "os": "Windows",
  "os_version": "10.0.26100",
  "platform": "Windows-10-10.0.26100-SP0",
  "cpu_count": 16,
  "memory_total": 16438382592,
  "hostname": "\u90d1\u674e\u60e0\u6770\u7684\u7535\u8111"
}
--------------------------------------------------------------------------------
[2025-11-08 01:22:11] [ERROR] [Flask] 404 Not Found: The requested URL was not found on the server. If you entered the URL manually please check your spelling and try again.
Traceback (most recent call last):
  File "D:\lib\site-packages\flask\app.py", line 917, in full_dispatch_request
    rv = self.dispatch_request()
  File "D:\lib\site-packages\flask\app.py", line 891, in dispatch_request
    self.raise_routing_exception(req)
  File "D:\lib\site-packages\flask\app.py", line 500, in raise_routing_exception
    raise request.routing_exception  # type: ignore[misc]
  File "D:\lib\site-packages\flask\ctx.py", line 362, in match_request
    result = self.url_adapter.match(return_rule=True)  # type: ignore
  File "D:\lib\site-packages\werkzeug\routing\map.py", line 629, in match
    raise NotFound() from None
werkzeug.exceptions.NotFound: 404 Not Found: The requested URL was not found on the server. If you entered the URL manually please check your spelling and try again.

System: {
  "os": "Windows",
  "os_version": "10.0.26100",
  "platform": "Windows-10-10.0.26100-SP0",
  "cpu_count": 16,
  "memory_total": 16438382592,
  "hostname": "\u90d1\u674e\u60e0\u6770\u7684\u7535\u8111"
}
--------------------------------------------------------------------------------
[2025-11-08 01:25:42] [ERROR] [Flask] 404 Not Found: The requested URL was not found on the server. If you entered the URL manually please check your spelling and try again.
Traceback (most recent call last):
  File "D:\lib\site-packages\flask\app.py", line 917, in full_dispatch_request
    rv = self.dispatch_request()
  File "D:\lib\site-packages\flask\app.py", line 891, in dispatch_request
    self.raise_routing_exception(req)
  File "D:\lib\site-packages\flask\app.py", line 500, in raise_routing_exception
    raise request.routing_exception  # type: ignore[misc]
  File "D:\lib\site-packages\flask\ctx.py", line 362, in match_request
    result = self.url_adapter.match(return_rule=True)  # type: ignore
  File "D:\lib\site-packages\werkzeug\routing\map.py", line 629, in match
    raise NotFound() from None
werkzeug.exceptions.NotFound: 404 Not Found: The requested URL was not found on the server. If you entered the URL manually please check your spelling and try again.

System: {
  "os": "Windows",
  "os_version": "10.0.26100",
  "platform": "Windows-10-10.0.26100-SP0",
  "cpu_count": 16,
  "memory_total": 16438382592,
  "hostname": "\u90d1\u674e\u60e0\u6770\u7684\u7535\u8111"
}
--------------------------------------------------------------------------------
[2025-11-08 01:25:56] [ERROR] [Flask] 404 Not Found: The requested URL was not found on the server. If you entered the URL manually please check your spelling and try again.
Traceback (most recent call last):
  File "D:\lib\site-packages\flask\app.py", line 917, in full_dispatch_request
    rv = self.dispatch_request()
  File "D:\lib\site-packages\flask\app.py", line 891, in dispatch_request
    self.raise_routing_exception(req)
  File "D:\lib\site-packages\flask\app.py", line 500, in raise_routing_exception
    raise request.routing_exception  # type: ignore[misc]
  File "D:\lib\site-packages\flask\ctx.py", line 362, in match_request
    result = self.url_adapter.match(return_rule=True)  # type: ignore
  File "D:\lib\site-packages\werkzeug\routing\map.py", line 629, in match
    raise NotFound() from None
werkzeug.exceptions.NotFound: 404 Not Found: The requested URL was not found on the server. If you entered the URL manually please check your spelling and try again.

System: {
  "os": "Windows",
  "os_version": "10.0.26100",
  "platform": "Windows-10-10.0.26100-SP0",
  "cpu_count": 16,
  "memory_total": 16438382592,
  "hostname": "\u90d1\u674e\u60e0\u6770\u7684\u7535\u8111"
}
--------------------------------------------------------------------------------
[2025-11-08 01:25:56] [ERROR] [Flask] 404 Not Found: The requested URL was not found on the server. If you entered the URL manually please check your spelling and try again.
Traceback (most recent call last):
  File "D:\lib\site-packages\flask\app.py", line 917, in full_dispatch_request
    rv = self.dispatch_request()
  File "D:\lib\site-packages\flask\app.py", line 891, in dispatch_request
    self.raise_routing_exception(req)
  File "D:\lib\site-packages\flask\app.py", line 500, in raise_routing_exception
    raise request.routing_exception  # type: ignore[misc]
  File "D:\lib\site-packages\flask\ctx.py", line 362, in match_request
    result = self.url_adapter.match(return_rule=True)  # type: ignore
  File "D:\lib\site-packages\werkzeug\routing\map.py", line 629, in match
    raise NotFound() from None
werkzeug.exceptions.NotFound: 404 Not Found: The requested URL was not found on the server. If you entered the URL manually please check your spelling and try again.

System: {
  "os": "Windows",
  "os_version": "10.0.26100",
  "platform": "Windows-10-10.0.26100-SP0",
  "cpu_count": 16,
  "memory_total": 16438382592,
  "hostname": "\u90d1\u674e\u60e0\u6770\u7684\u7535\u8111"
}
--------------------------------------------------------------------------------
[2025-11-08 01:41:20] [ERROR] [Flask] 404 Not Found: The requested URL was not found on the server. If you entered the URL manually please check your spelling and try again.
Traceback (most recent call last):
  File "D:\lib\site-packages\flask\app.py", line 917, in full_dispatch_request
    rv = self.dispatch_request()
  File "D:\lib\site-packages\flask\app.py", line 891, in dispatch_request
    self.raise_routing_exception(req)
  File "D:\lib\site-packages\flask\app.py", line 500, in raise_routing_exception
    raise request.routing_exception  # type: ignore[misc]
  File "D:\lib\site-packages\flask\ctx.py", line 362, in match_request
    result = self.url_adapter.match(return_rule=True)  # type: ignore
  File "D:\lib\site-packages\werkzeug\routing\map.py", line 629, in match
    raise NotFound() from None
werkzeug.exceptions.NotFound: 404 Not Found: The requested URL was not found on the server. If you entered the URL manually please check your spelling and try again.

System: {
  "os": "Windows",
  "os_version": "10.0.26100",
  "platform": "Windows-10-10.0.26100-SP0",
  "cpu_count": 16,
  "memory_total": 16438382592,
  "hostname": "\u90d1\u674e\u60e0\u6770\u7684\u7535\u8111"
}
--------------------------------------------------------------------------------
[2025-11-08 01:42:05] [ERROR] [Flask] 404 Not Found: The requested URL was not found on the server. If you entered the URL manually please check your spelling and try again.
Traceback (most recent call last):
  File "D:\lib\site-packages\flask\app.py", line 917, in full_dispatch_request
    rv = self.dispatch_request()
  File "D:\lib\site-packages\flask\app.py", line 891, in dispatch_request
    self.raise_routing_exception(req)
  File "D:\lib\site-packages\flask\app.py", line 500, in raise_routing_exception
    raise request.routing_exception  # type: ignore[misc]
  File "D:\lib\site-packages\flask\ctx.py", line 362, in match_request
    result = self.url_adapter.match(return_rule=True)  # type: ignore
  File "D:\lib\site-packages\werkzeug\routing\map.py", line 629, in match
    raise NotFound() from None
werkzeug.exceptions.NotFound: 404 Not Found: The requested URL was not found on the server. If you entered the URL manually please check your spelling and try again.

System: {
  "os": "Windows",
  "os_version": "10.0.26100",
  "platform": "Windows-10-10.0.26100-SP0",
  "cpu_count": 16,
  "memory_total": 16438382592,
  "hostname": "\u90d1\u674e\u60e0\u6770\u7684\u7535\u8111"
}
--------------------------------------------------------------------------------
